2023-12-14 16:56:47,242 Prediction for input text: hello is  The statement is not harsh.
2023-12-14 16:57:07,203 Prediction for input text: good afternoon is  The statement is not harsh.
2023-12-14 16:57:24,823 Prediction for input text: how are you doing? is  The statement is not harsh.
2023-12-14 16:57:32,980 Prediction for input text: get out is  The statement is not harsh.
2023-12-14 16:57:58,818 Prediction for input text: Go to hell is  The statement is harsh.
2023-12-14 16:58:16,180 Prediction for input text: Get the fuck out of local host is  The statement is harsh.
2023-12-14 16:58:37,713 Prediction for input text: Come to play cricket with me is  The statement is not harsh.
2023-12-14 16:59:02,094 Prediction for input text: I told you not to do this is  The statement is not harsh.
2023-12-14 16:59:10,248 Prediction for input text: hell yess is  The statement is harsh.
2023-12-14 16:59:17,716 Prediction for input text: no way bro is  The statement is not harsh.
2023-12-14 16:59:49,009 Prediction for input text: what is elk stack is  The statement is not harsh.
2023-12-14 17:00:04,825 Prediction for input text: get my this task done at any cost is  The statement is not harsh.
2023-12-14 17:00:15,681 Prediction for input text: wow, beautiful is  The statement is not harsh.
2023-12-15 20:18:54,873 Prediction for input text: Hi! How are ypu is  The statement is not harsh, not threatening and not vulgar.
2023-12-15 20:20:06,510 Prediction for input text: Sir! kindly bring the money or I will kill your child is  The statement is harsh, threatening and not vulgar.
2023-12-15 20:27:33,437 Prediction for input text: Sir! kindly bring the money or I will kill your child is  The statement is harsh, threatening and not vulgar.
2023-12-15 20:33:29,804 Prediction for input text: Sir! kindly bring the money or I will kill your child is  The statement is harsh, threatening and not vulgar.
2023-12-15 20:36:58,370 Prediction for input text: Hey! How dare you behave with a woman in that manner. What did you learn in your schooling. If I see you repeating this, you will be hanged to death. 🔥🔥. And remember! is  The statement is harsh, threatening and not vulgar.
2023-12-15 20:37:49,131 Prediction for input text: Take care your health is  The statement is not harsh, not threatening and not vulgar.
2023-12-15 20:39:04,254 Prediction for input text: Take care your health! You may have a heart attack is  The statement is not harsh, not threatening and not vulgar.
2023-12-15 20:40:11,106 Prediction for input text: Take care of your health! Otherwise you will die for sure is  The statement is harsh, threatening and not vulgar.
2023-12-15 20:41:45,908 Prediction for input text: Hey stupid! Shut up is  The statement is harsh, not threatening and vulgar.
2023-12-15 20:50:22,330 Prediction for input text: Thank you for looking into our report!  is  The statement is not harsh, not threatening and not vulgar.
